<?xml version="1.0" encoding="UTF-8"?>
<!-- Generated by org.testng.reporters.JUnitReportReporter -->
<testsuite hostname="SumanthReddy" failures="0" tests="1" name="com.tricentis.systemtesting.EndToEnd_Test" time="39.714" errors="0" timestamp="2024-08-11T16:48:52 IST" skipped="0">
  <testcase classname="com.tricentis.systemtesting.EndToEnd_Test" name="end_To_End_Test" time="39.714"/>
  <system-out/>
</testsuite> <!-- com.tricentis.systemtesting.EndToEnd_Test -->
