<?xml version="1.0" encoding="UTF-8"?>
<!-- Generated by org.testng.reporters.JUnitReportReporter -->
<testsuite hostname="SumanthReddy" failures="0" tests="1" name="DDT.Login_Using_Xml_TestNG" time="11.936" errors="0" timestamp="2024-07-24T12:17:49 IST" skipped="0">
  <testcase classname="DDT.Login_Using_Xml_TestNG" name="login" time="11.936"/>
  <system-out/>
</testsuite> <!-- DDT.Login_Using_Xml_TestNG -->
