<?xml version="1.0" encoding="UTF-8"?>
<!-- Generated by org.testng.reporters.JUnitReportReporter -->
<testsuite hostname="SumanthReddy" failures="0" tests="3" name="com.Ecomm.BaseClass.Create_Category_Test" time="7.162" errors="0" timestamp="2024-08-06T13:46:48 IST" skipped="0">
  <testcase classname="com.Ecomm.BaseClass.Create_Category_Test" name="delete_Cat_Test" time="1.488"/>
  <system-out/>
  <testcase classname="com.Ecomm.BaseClass.Create_Category_Test" name="create_Cat_Test" time="2.393"/>
  <system-out/>
  <testcase classname="com.Ecomm.BaseClass.Create_Category_Test" name="edit_Cat_Test" time="3.281"/>
  <system-out/>
</testsuite> <!-- com.Ecomm.BaseClass.Create_Category_Test -->
