<?xml version="1.0" encoding="UTF-8"?>
<!-- Generated by org.testng.reporters.JUnitReportReporter -->
<testsuite hostname="SumanthReddy" failures="0" tests="1" name="DDT.Login_PropertyFile_Test" time="8.767" errors="0" timestamp="2024-07-24T11:23:38 IST" skipped="0">
  <testcase classname="DDT.Login_PropertyFile_Test" name="loginTest" time="8.767"/>
  <system-out/>
</testsuite> <!-- DDT.Login_PropertyFile_Test -->
