<?xml version="1.0" encoding="UTF-8"?>
<!-- Generated by org.testng.reporters.JUnitReportReporter -->
<testsuite hostname="SumanthReddy" failures="0" tests="1" name="DDT.Login_Using_PropertyFile_Test" time="11.866" errors="0" timestamp="2024-07-24T12:01:31 IST" skipped="0">
  <testcase classname="DDT.Login_Using_PropertyFile_Test" name="loginTest" time="11.866"/>
  <system-out/>
</testsuite> <!-- DDT.Login_Using_PropertyFile_Test -->
