<?xml version="1.0" encoding="UTF-8"?>
<!-- Generated by org.testng.reporters.JUnitReportReporter -->
<testsuite hostname="SumanthReddy" failures="0" tests="3" name="com.Ecomm.BaseClass.Insert_Product_Test" time="5.722" errors="0" timestamp="2024-08-06T13:46:48 IST" skipped="0">
  <testcase classname="com.Ecomm.BaseClass.Insert_Product_Test" name="edit_Product_Test" time="1.590"/>
  <system-out/>
  <testcase classname="com.Ecomm.BaseClass.Insert_Product_Test" name="delete_Product_Test" time="1.350"/>
  <system-out/>
  <testcase classname="com.Ecomm.BaseClass.Insert_Product_Test" name="insert_Product_Test" time="2.782"/>
  <system-out/>
</testsuite> <!-- com.Ecomm.BaseClass.Insert_Product_Test -->
