<?xml version="1.0" encoding="UTF-8"?>
<!-- Generated by org.testng.reporters.JUnitReportReporter -->
<testsuite hostname="SumanthReddy" failures="0" tests="2" name="com.Ecomm.BaseClass.Create_Sub_Category_Test" time="4.578" errors="0" timestamp="2024-08-06T13:46:48 IST" skipped="0">
  <testcase classname="com.Ecomm.BaseClass.Create_Sub_Category_Test" name="create_Sub_Cat_Test" time="1.592"/>
  <system-out/>
  <testcase classname="com.Ecomm.BaseClass.Create_Sub_Category_Test" name="edit_Sub_Cat_Test" time="2.986"/>
  <system-out/>
</testsuite> <!-- com.Ecomm.BaseClass.Create_Sub_Category_Test -->
