<?xml version="1.0" encoding="UTF-8"?>
<!-- Generated by org.testng.reporters.JUnitReportReporter -->
<testsuite hostname="SumanthReddy" failures="0" tests="1" name="DDT.Login_Using_Maven_RunTime" time="13.130" errors="0" timestamp="2024-07-24T12:13:43 IST" skipped="0">
  <testcase classname="DDT.Login_Using_Maven_RunTime" name="login" time="13.130"/>
  <system-out/>
</testsuite> <!-- DDT.Login_Using_Maven_RunTime -->
